<?xml version="1.0" encoding="UTF-8"?>
<!-- Generated by org.testng.reporters.JUnitReportReporter -->
<testsuite hostname="DESKTOP-M3ANAKJ" failures="0" tests="2" name="com.adactinhotel.qa.testcases.BookingConfirmationPageTest" time="12.477" errors="0" timestamp="05 Mar 2024 04:24:55 GMT" skipped="0">
  <testcase classname="com.adactinhotel.qa.testcases.BookingConfirmationPageTest" name="bookingConfirmationPageTitleTest" time="3.848"/>
  <testcase classname="com.adactinhotel.qa.testcases.BookingConfirmationPageTest" name="OrderNoTest" time="8.629"/>
</testsuite> <!-- com.adactinhotel.qa.testcases.BookingConfirmationPageTest -->
