<?xml version="1.0" encoding="UTF-8"?>
<!-- Generated by org.testng.reporters.JUnitReportReporter -->
<testsuite hostname="DESKTOP-M3ANAKJ" failures="0" tests="2" name="com.adactinhotel.qa.testcases.SelectHotelPageTest" time="5.843" errors="0" timestamp="04 Mar 2024 05:59:42 GMT" skipped="0">
  <testcase classname="com.adactinhotel.qa.testcases.SelectHotelPageTest" name="selectHotelPageTitleTest" time="3.096"/>
  <testcase classname="com.adactinhotel.qa.testcases.SelectHotelPageTest" name="selectHotelBtn" time="2.747"/>
</testsuite> <!-- com.adactinhotel.qa.testcases.SelectHotelPageTest -->
