<?xml version="1.0" encoding="UTF-8"?>
<!-- Generated by org.testng.reporters.JUnitReportReporter -->
<testsuite hostname="DESKTOP-M3ANAKJ" failures="0" tests="1" name="com.adactinhotel.qa.testcases.BookingConfirmationPageTest" time="16.487" errors="0" timestamp="05 Mar 2024 10:39:42 GMT" skipped="0">
  <testcase classname="com.adactinhotel.qa.testcases.BookingConfirmationPageTest" name="MyItinerary" time="16.487"/>
</testsuite> <!-- com.adactinhotel.qa.testcases.BookingConfirmationPageTest -->
