<?xml version="1.0" encoding="UTF-8"?>
<!-- Generated by org.testng.reporters.JUnitReportReporter -->
<testsuite hostname="DESKTOP-M3ANAKJ" failures="0" tests="2" name="com.adactinhotel.qa.testcases.SearchHotelTest" time="7.285" errors="0" timestamp="04 Mar 2024 01:37:56 GMT" skipped="0">
  <testcase classname="com.adactinhotel.qa.testcases.SearchHotelTest" name="selectHotelPageTitleTest" time="2.944"/>
  <testcase classname="com.adactinhotel.qa.testcases.SearchHotelTest" name="selectvalues" time="4.341"/>
</testsuite> <!-- com.adactinhotel.qa.testcases.SearchHotelTest -->
