<?xml version="1.0" encoding="UTF-8"?>
<!-- Generated by org.testng.reporters.JUnitReportReporter -->
<testsuite hostname="DESKTOP-M3ANAKJ" failures="0" tests="1" name="com.adactinhotel.qa.testcases.BookAHotelPageTest" time="3.561" errors="0" timestamp="05 Mar 2024 03:34:42 GMT" skipped="0">
  <testcase classname="com.adactinhotel.qa.testcases.BookAHotelPageTest" name="ceritcardDetailsTest" time="3.561"/>
</testsuite> <!-- com.adactinhotel.qa.testcases.BookAHotelPageTest -->
