<?xml version="1.0" encoding="UTF-8"?>
<!-- Generated by org.testng.reporters.JUnitReportReporter -->
<testsuite hostname="DESKTOP-M3ANAKJ" failures="0" tests="1" name="com.adactinhotel.qa.testcases.SearchHotelTest" time="4.422" errors="0" timestamp="04 Mar 2024 05:36:10 GMT" skipped="0">
  <testcase classname="com.adactinhotel.qa.testcases.SearchHotelTest" name="userName" time="4.422"/>
</testsuite> <!-- com.adactinhotel.qa.testcases.SearchHotelTest -->
