<?xml version="1.0" encoding="UTF-8"?>
<!-- Generated by org.testng.reporters.JUnitReportReporter -->
<testsuite hostname="DESKTOP-M3ANAKJ" failures="0" tests="2" name="com.adactinhotel.qa.testcases.SearchHotelTest" time="5.669" errors="0" timestamp="06 Mar 2024 03:55:26 GMT" skipped="0">
  <testcase classname="com.adactinhotel.qa.testcases.SearchHotelTest" name="searchHotelPageTitleTest" time="2.778"/>
  <testcase classname="com.adactinhotel.qa.testcases.SearchHotelTest" name="userName" time="2.891"/>
</testsuite> <!-- com.adactinhotel.qa.testcases.SearchHotelTest -->
