<?xml version="1.0" encoding="UTF-8"?>
<!-- Generated by org.testng.reporters.JUnitReportReporter -->
<testsuite hostname="DESKTOP-M3ANAKJ" failures="0" tests="3" name="com.adactinhotel.qa.testcases.BookAHotelPageTest" time="19.550" errors="0" timestamp="06 Mar 2024 03:55:26 GMT" skipped="0">
  <testcase classname="com.adactinhotel.qa.testcases.BookAHotelPageTest" name="bookAHotelPageTitleTest" time="9.192"/>
  <testcase classname="com.adactinhotel.qa.testcases.BookAHotelPageTest" name="ceritcardDetailsTest" time="5.129"/>
  <testcase classname="com.adactinhotel.qa.testcases.BookAHotelPageTest" name="userDetailsTest" time="5.229"/>
</testsuite> <!-- com.adactinhotel.qa.testcases.BookAHotelPageTest -->
