<?xml version="1.0" encoding="UTF-8"?>
<!-- Generated by org.testng.reporters.JUnitReportReporter -->
<testsuite hostname="DESKTOP-M3ANAKJ" failures="0" tests="3" name="com.adactinhotel.qa.testcases.BookingConfirmationPageTest" time="36.964" errors="0" timestamp="06 Mar 2024 03:55:26 GMT" skipped="0">
  <testcase classname="com.adactinhotel.qa.testcases.BookingConfirmationPageTest" name="OrderNoTest" time="10.645"/>
  <testcase classname="com.adactinhotel.qa.testcases.BookingConfirmationPageTest" name="MyItinerary" time="20.244"/>
  <testcase classname="com.adactinhotel.qa.testcases.BookingConfirmationPageTest" name="bookingConfirmationPageTitleTest" time="6.075"/>
</testsuite> <!-- com.adactinhotel.qa.testcases.BookingConfirmationPageTest -->
