<?xml version="1.0" encoding="UTF-8"?>
<!-- Generated by org.testng.reporters.JUnitReportReporter -->
<testsuite hostname="DESKTOP-M3ANAKJ" failures="0" tests="1" name="com.adactinhotel.qa.testcases.SelectHotelPageTest" time="4.089" errors="0" timestamp="04 Mar 2024 22:43:38 GMT" skipped="0">
  <testcase classname="com.adactinhotel.qa.testcases.SelectHotelPageTest" name="selectHotelPageTitleTest" time="4.089"/>
</testsuite> <!-- com.adactinhotel.qa.testcases.SelectHotelPageTest -->
